
64. Printing statistics.

=== mac_unit ===

   Number of wires:                257
   Number of wire bits:            279
   Number of public wires:          39
   Number of public wire bits:      61
   Number of memories:               0
   Number of memory bits:            0
   Number of processes:              0
   Number of cells:                268
     sky130_fd_sc_hd__a211o_2        5
     sky130_fd_sc_hd__a211oi_2       5
     sky130_fd_sc_hd__a21bo_2        2
     sky130_fd_sc_hd__a21boi_2       1
     sky130_fd_sc_hd__a21o_2         1
     sky130_fd_sc_hd__a21oi_2        7
     sky130_fd_sc_hd__a22o_2         3
     sky130_fd_sc_hd__a31o_2         1
     sky130_fd_sc_hd__a41o_2         2
     sky130_fd_sc_hd__and2_2         7
     sky130_fd_sc_hd__and2b_2        7
     sky130_fd_sc_hd__and3_2         4
     sky130_fd_sc_hd__and4_2         2
     sky130_fd_sc_hd__buf_1         18
     sky130_fd_sc_hd__dfxtp_2       50
     sky130_fd_sc_hd__inv_2          7
     sky130_fd_sc_hd__mux2_2        18
     sky130_fd_sc_hd__nand2_2       19
     sky130_fd_sc_hd__nand4_2        1
     sky130_fd_sc_hd__nor2_2        25
     sky130_fd_sc_hd__nor3_2         2
     sky130_fd_sc_hd__o2111a_2       2
     sky130_fd_sc_hd__o211a_2       10
     sky130_fd_sc_hd__o211ai_2       1
     sky130_fd_sc_hd__o21a_2        24
     sky130_fd_sc_hd__o21ai_2        4
     sky130_fd_sc_hd__o21ba_2       17
     sky130_fd_sc_hd__o22a_2         4
     sky130_fd_sc_hd__o31a_2         1
     sky130_fd_sc_hd__or2_2         12
     sky130_fd_sc_hd__xnor2_2        4
     sky130_fd_sc_hd__xor2_2         2

   Chip area for module '\mac_unit': 2882.764800

